\BOOKMARK [1][-]{section.1}{Abstract}{}% 1
\BOOKMARK [1][-]{section.2}{Introduction}{}% 2
\BOOKMARK [1][-]{section.3}{Generalised Serre-Green-Naghdi Equations}{}% 3
\BOOKMARK [2][-]{subsection.3.1}{Dispersion Relation of Linearised gSGN}{section.3}% 4
\BOOKMARK [3][-]{subsubsection.3.1.1}{Wave Speed Bounds}{subsection.3.1}% 5
\BOOKMARK [2][-]{subsection.3.2}{Alternative Conservative Form of the gSGN}{section.3}% 6
\BOOKMARK [1][-]{section.4}{Numerical Method}{}% 7
\BOOKMARK [2][-]{subsection.4.1}{Overview}{section.4}% 8
\BOOKMARK [2][-]{subsection.4.2}{Example Implementation}{section.4}% 9
\BOOKMARK [3][-]{subsubsection.4.2.1}{Reconstruction of h and G}{subsection.4.2}% 10
\BOOKMARK [3][-]{subsubsection.4.2.2}{Reconstruction of u}{subsection.4.2}% 11
\BOOKMARK [3][-]{subsubsection.4.2.3}{Flux Approximation}{subsection.4.2}% 12
\BOOKMARK [3][-]{subsubsection.4.2.4}{Evolution Step}{subsection.4.2}% 13
\BOOKMARK [3][-]{subsubsection.4.2.5}{Runge-Kutta Time Stepping}{subsection.4.2}% 14
\BOOKMARK [1][-]{section.5}{Validation}{}% 15
\BOOKMARK [2][-]{subsection.5.1}{Analytic Solutions}{section.5}% 16
\BOOKMARK [3][-]{subsubsection.5.1.1}{Serre Equations \(1=2 =0\) - Solitary Travelling Wave Solution}{subsection.5.1}% 17
\BOOKMARK [3][-]{subsubsection.5.1.2}{SWWE \( 1= -23 and \0402 =0 \) - Dam-break Solution }{subsection.5.1}% 18
\BOOKMARK [2][-]{subsection.5.2}{Forced Solutions}{section.5}% 19
\BOOKMARK [1][-]{section.6}{Conclusion}{}% 20
