\BOOKMARK [1][-]{section.1}{Abstract}{}% 1
\BOOKMARK [1][-]{section.2}{Introduction}{}% 2
\BOOKMARK [1][-]{section.3}{Generalised Serre-Green-Naghdi Equations}{}% 3
\BOOKMARK [2][-]{subsection.3.1}{Dispersion Relation of the Linearised gSGNE}{section.3}% 4
\BOOKMARK [3][-]{subsubsection.3.1.1}{Phase Speed Bounds}{subsection.3.1}% 5
\BOOKMARK [2][-]{subsection.3.2}{Alternative Conservative Form of the gSGNE}{section.3}% 6
\BOOKMARK [1][-]{section.4}{Numerical Scheme}{}% 7
\BOOKMARK [2][-]{subsection.4.1}{Finite Volume Method and Discretisation}{section.4}% 8
\BOOKMARK [2][-]{subsection.4.2}{Overview}{section.4}% 9
\BOOKMARK [2][-]{subsection.4.3}{Typical Second-Order Implementation}{section.4}% 10
\BOOKMARK [3][-]{subsubsection.4.3.1}{Step 1 - Solution of the Elliptic Equation}{subsection.4.3}% 11
\BOOKMARK [3][-]{subsubsection.4.3.2}{Step 2 - Finite Volume Method - Reconstruction}{subsection.4.3}% 12
\BOOKMARK [3][-]{subsubsection.4.3.3}{Step 2 - Finite Volume Method - Flux Approximation}{subsection.4.3}% 13
\BOOKMARK [3][-]{subsubsection.4.3.4}{Step 3 - Runge-Kutta Time Stepping}{subsection.4.3}% 14
\BOOKMARK [2][-]{subsection.4.4}{Boundary Conditions}{section.4}% 15
\BOOKMARK [2][-]{subsection.4.5}{Courant-Frederichs-Lewy Condition}{section.4}% 16
\BOOKMARK [1][-]{section.5}{Validation}{}% 17
\BOOKMARK [2][-]{subsection.5.1}{Convergence and Conservation Measures}{section.5}% 18
\BOOKMARK [2][-]{subsection.5.2}{Analytic Solutions}{section.5}% 19
\BOOKMARK [3][-]{subsubsection.5.2.1}{SGNE - Solitary Travelling Wave Solution}{subsection.5.2}% 20
\BOOKMARK [3][-]{subsubsection.5.2.2}{SWWE - Dam-break Solution }{subsection.5.2}% 21
\BOOKMARK [2][-]{subsection.5.3}{Forced Solutions}{section.5}% 22
\BOOKMARK [1][-]{section.6}{Conclusion}{}% 23
